/*C3*/SET SCHEMA PUBLIC
DISCONNECT
/*C4*/SET SCHEMA PUBLIC
INSERT INTO USER VALUES(45,'jd','jy','jhf',8)
ALTER SEQUENCE PUBLIC.HIBERNATE_SEQUENCE RESTART WITH 46
COMMIT
DELETE FROM USER WHERE ID=45
COMMIT
INSERT INTO TEST VALUES(46,'','')
ALTER SEQUENCE PUBLIC.HIBERNATE_SEQUENCE RESTART WITH 47
COMMIT
INSERT INTO TEST VALUES(47,'','')
ALTER SEQUENCE PUBLIC.HIBERNATE_SEQUENCE RESTART WITH 48
COMMIT
INSERT INTO TEST VALUES(48,'vmh','hj')
ALTER SEQUENCE PUBLIC.HIBERNATE_SEQUENCE RESTART WITH 49
COMMIT
INSERT INTO TEST VALUES(49,'vmh','hj')
ALTER SEQUENCE PUBLIC.HIBERNATE_SEQUENCE RESTART WITH 50
COMMIT
DELETE FROM USER_GROUP WHERE ID=8
COMMIT
INSERT INTO TEST VALUES(50,'','')
ALTER SEQUENCE PUBLIC.HIBERNATE_SEQUENCE RESTART WITH 51
COMMIT
DELETE FROM ANSWER WHERE ID=26
DELETE FROM ANSWER WHERE ID=27
DELETE FROM ANSWER WHERE ID=28
DELETE FROM QUESTION WHERE ID=25
COMMIT
INSERT INTO QUESTION VALUES(51,'qqqqqq',1,18)
INSERT INTO ANSWER VALUES(52,TRUE,'ww',51)
INSERT INTO ANSWER VALUES(53,FALSE,'ee',51)
INSERT INTO ANSWER VALUES(54,FALSE,'rr',51)
ALTER SEQUENCE PUBLIC.HIBERNATE_SEQUENCE RESTART WITH 55
COMMIT
DELETE FROM ANSWER WHERE ID=34
DELETE FROM ANSWER WHERE ID=35
DELETE FROM ANSWER WHERE ID=36
DELETE FROM QUESTION WHERE ID=33
COMMIT
